Performing C SOURCE FILE Test CMAKE_HAVE_LIBC_PTHREAD failed with the following output:
Change Dir: /home/tk/Desktop/rm2022_cidp_vision/cmake-build-release/CMakeFiles/CMakeTmp

Run Build Command(s):/usr/bin/make cmTC_a585f/fast && /usr/bin/make  -f CMakeFiles/cmTC_a585f.dir/build.make CMakeFiles/cmTC_a585f.dir/build
make[1]: 进入目录“/home/tk/Desktop/rm2022_cidp_vision/cmake-build-release/CMakeFiles/CMakeTmp”
Building C object CMakeFiles/cmTC_a585f.dir/src.c.o
/usr/bin/cc -DCMAKE_HAVE_LIBC_PTHREAD   -o CMakeFiles/cmTC_a585f.dir/src.c.o -c /home/tk/Desktop/rm2022_cidp_vision/cmake-build-release/CMakeFiles/CMakeTmp/src.c
Linking C executable cmTC_a585f
/opt/clion-2021.1.3/bin/cmake/linux/bin/cmake -E cmake_link_script CMakeFiles/cmTC_a585f.dir/link.txt --verbose=1
/usr/bin/cc CMakeFiles/cmTC_a585f.dir/src.c.o -o cmTC_a585f 
CMakeFiles/cmTC_a585f.dir/src.c.o：在函数‘main’中：
src.c:(.text+0x3e)：对‘pthread_create’未定义的引用
src.c:(.text+0x4a)：对‘pthread_detach’未定义的引用
src.c:(.text+0x56)：对‘pthread_cancel’未定义的引用
src.c:(.text+0x67)：对‘pthread_join’未定义的引用
src.c:(.text+0x7b)：对‘pthread_atfork’未定义的引用
collect2: error: ld returned 1 exit status
CMakeFiles/cmTC_a585f.dir/build.make:105: recipe for target 'cmTC_a585f' failed
make[1]: *** [cmTC_a585f] Error 1
make[1]: 离开目录“/home/tk/Desktop/rm2022_cidp_vision/cmake-build-release/CMakeFiles/CMakeTmp”
Makefile:140: recipe for target 'cmTC_a585f/fast' failed
make: *** [cmTC_a585f/fast] Error 2


Source file was:
#include <pthread.h>

static void* test_func(void* data)
{
  return data;
}

int main(void)
{
  pthread_t thread;
  pthread_create(&thread, NULL, test_func, NULL);
  pthread_detach(thread);
  pthread_cancel(thread);
  pthread_join(thread, NULL);
  pthread_atfork(NULL, NULL, NULL);
  pthread_exit(NULL);

  return 0;
}

Determining if the function pthread_create exists in the pthreads failed with the following output:
Change Dir: /home/tk/Desktop/rm2022_cidp_vision/cmake-build-release/CMakeFiles/CMakeTmp

Run Build Command(s):/usr/bin/make cmTC_23e0a/fast && /usr/bin/make  -f CMakeFiles/cmTC_23e0a.dir/build.make CMakeFiles/cmTC_23e0a.dir/build
make[1]: 进入目录“/home/tk/Desktop/rm2022_cidp_vision/cmake-build-release/CMakeFiles/CMakeTmp”
Building C object CMakeFiles/cmTC_23e0a.dir/CheckFunctionExists.c.o
/usr/bin/cc   -DCHECK_FUNCTION_EXISTS=pthread_create -o CMakeFiles/cmTC_23e0a.dir/CheckFunctionExists.c.o -c /opt/clion-2021.1.3/bin/cmake/linux/share/cmake-3.19/Modules/CheckFunctionExists.c
Linking C executable cmTC_23e0a
/opt/clion-2021.1.3/bin/cmake/linux/bin/cmake -E cmake_link_script CMakeFiles/cmTC_23e0a.dir/link.txt --verbose=1
/usr/bin/cc  -DCHECK_FUNCTION_EXISTS=pthread_create CMakeFiles/cmTC_23e0a.dir/CheckFunctionExists.c.o -o cmTC_23e0a  -lpthreads 
/usr/bin/ld: 找不到 -lpthreads
collect2: error: ld returned 1 exit status
CMakeFiles/cmTC_23e0a.dir/build.make:105: recipe for target 'cmTC_23e0a' failed
make[1]: *** [cmTC_23e0a] Error 1
make[1]: 离开目录“/home/tk/Desktop/rm2022_cidp_vision/cmake-build-release/CMakeFiles/CMakeTmp”
Makefile:140: recipe for target 'cmTC_23e0a/fast' failed
make: *** [cmTC_23e0a/fast] Error 2



